-------------------------------------------------------------------------------
Test set: com.example.movie.BookMyMovieApplicationTests
-------------------------------------------------------------------------------
Tests run: 1, Failures: 0, Errors: 1, Skipped: 0, Time elapsed: 0.494 s <<< FAILURE! - in com.example.movie.BookMyMovieApplicationTests
com.example.movie.BookMyMovieApplicationTests  Time elapsed: 0.492 s  <<< ERROR!
java.lang.IllegalStateException: Configuration error: found multiple declarations of @BootstrapWith for test class [com.example.movie.BookMyMovieApplicationTests]: [@org.springframework.test.context.BootstrapWith(value=org.springframework.boot.test.context.SpringBootTestContextBootstrapper.class), @org.springframework.test.context.BootstrapWith(value=org.springframework.boot.test.autoconfigure.orm.jpa.DataJpaTestContextBootstrapper.class)]

